make all --print-data-base --no-builtin-variables --no-builtin-rules --question
# GNU Make 4.2.1
# Built for x86_64-pc-linux-gnu
# Copyright (C) 1988-2016 Free Software Foundation, Inc.
# License GPLv3+: GNU GPL version 3 or later <http://gnu.org/licenses/gpl.html>
# This is free software: you are free to change and redistribute it.
# There is NO WARRANTY, to the extent permitted by law.

# Make data base, printed on Fri Aug 11 14:52:08 2023

# Variables

# makefile (from 'Makefile', line 12)
PRJ_ROOT = $(CURDIR)
# 'override' directive
GNUMAKEFLAGS := 
# automatic
<D = $(patsubst %/,%,$(dir $<))
# automatic
?F = $(notdir $?)
# environment
PAPERSIZE = a4
# environment
DESKTOP_SESSION = ubuntu
# default
.SHELLFLAGS := -c
# environment
XDG_SESSION_CLASS = user
# environment
VSCODE_CRASH_REPORTER_PROCESS_TYPE = extensionHost
# environment
SNAP_COMMON = /var/snap/code/common
# environment
XDG_SESSION_TYPE = x11
# makefile (from 'Makefile', line 13)
COMPLIE_ROOT := /home/wuhengbin/Ryan_newarea/AK37E_SDK_V1.05_new/os/driver_src/Hi3881V100R001C00SPC021B006
# automatic
?D = $(patsubst %/,%,$(dir $?))
# environment
IM_CONFIG_PHASE = 1
# automatic
@D = $(patsubst %/,%,$(dir $@))
# environment
XAUTHORITY = /run/user/1000/gdm/Xauthority
# environment
GDMSESSION = ubuntu
# environment
XMODIFIERS = @im=ibus
# makefile (from 'Makefile', line 10)
CURDIR := /home/wuhengbin/Ryan_newarea/AK37E_SDK_V1.05_new/os/driver_src/Hi3881V100R001C00SPC021B006
# makefile
SHELL = /bin/sh
# environment
SNAP_DATA = /var/snap/code/136
 
# environment
GIO_MODULE_DIR = /home/wuhengbin/snap/code/common/.cache/gio-modules
# environment
VSCODE_NLS_CONFIG = {"locale":"zh-cn","osLocale":"zh-cn","availableLanguages":{"*":"zh-cn"},"_languagePackId":"fe9960b3a97de5d66c86c362d68dbccd.zh-cn","_translationsConfigFile":"/home/wuhengbin/.config/Code/clp/fe9960b3a97de5d66c86c362d68dbccd.zh-cn/tcf.json","_cacheRoot":"/home/wuhengbin/.config/Code/clp/fe9960b3a97de5d66c86c362d68dbccd.zh-cn","_resolvedLanguagePackCoreLocation":"/home/wuhengbin/.config/Code/clp/fe9960b3a97de5d66c86c362d68dbccd.zh-cn/6445d93c81ebe42c4cbd7a60712e0b17d9463e97","_corruptedFile":"/home/wuhengbin/.config/Code/clp/fe9960b3a97de5d66c86c362d68dbccd.zh-cn/corrupted.info","_languagePackSupport":true}
# environment
JOURNAL_STREAM = 8:59435
# environment
XDG_CONFIG_DIRS_VSCODE_SNAP_ORIG = /etc/xdg/xdg-ubuntu:/etc/xdg
# environment
XDG_CONFIG_DIRS = /etc/xdg/xdg-ubuntu:/etc/xdg
# environment
SNAP_INSTANCE_NAME = code
# environment
SNAP_ARCH = amd64
# makefile (from 'Makefile', line 1)
MAKEFILE_LIST :=  Makefile
# automatic
@F = $(notdir $@)
# environment
GIO_LAUNCHED_DESKTOP_FILE = /var/lib/snapd/desktop/applications/code_code.desktop
# environment
USERNAME = wuhengbin
# environment
XDG_DATA_DIRS_VSCODE_SNAP_ORIG = /usr/share/ubuntu:/usr/local/share/:/usr/share/:/var/lib/snapd/desktop
# environment
MANDATORY_PATH = /usr/share/gconf/ubuntu.mandatory.path
# environment
XDG_DATA_DIRS = /home/wuhengbin/snap/code/136/.local/share:/home/wuhengbin/snap/code/136:/snap/code/136/usr/share:/usr/share/ubuntu:/usr/local/share/:/usr/share/:/var/lib/snapd/desktop
# environment
DBUS_SESSION_BUS_ADDRESS = unix:path=/run/user/1000/bus,guid=d2969ea3bb0b677ff615182b64d42a06
# makefile (from 'Makefile', line 14)
WIFI_DRIVER_DIR = $(PRJ_ROOT)/driver
# environment
_ = /snap/code/136/usr/share/code/code
# environment
MANAGERPID = 1150
# environment
LESSOPEN = | /usr/bin/lesspipe %s
# environment
LC_NAME = zh_CN.UTF-8
# environment
VSCODE_CWD = /home/wuhengbin
# environment
GSETTINGS_SCHEMA_DIR = /home/wuhengbin/snap/code/136/.local/share/glib-2.0/schemas
# default
MAKE_HOST := x86_64-pc-linux-gnu
# environment
PATH = /usr/local/sbin:/usr/local/bin:/usr/sbin:/usr/bin:/sbin:/bin:/usr/games:/usr/local/games:/snap/bin:/home/wuhengbin/arm-anykav500-linux-uclibcgnueabi_V1.0.05/arm-anykav500-linux-uclibcgnueabi/bin:/usr/local/arm/arm-anykav500-linux-uclibcgnueabi/usr/bin
# environment
GPG_AGENT_INFO = /run/user/1000/gnupg/S.gpg-agent:0:1
# environment
SESSION_MANAGER = local/wuhengbin-virtual-machine:@/tmp/.ICE-unix/1908,unix/wuhengbin-virtual-machine:/tmp/.ICE-unix/1908
# environment
XDG_RUNTIME_DIR = /run/user/1000
# environment
GDK_PIXBUF_MODULE_FILE = /home/wuhengbin/snap/code/common/.cache/gdk-pixbuf-loaders.cache
# environment
SNAP = /snap/code/136
# environment
SNAP_VERSION = 6445d93c
# environment
XDG_MENU_PREFIX = gnome-
# environment
ELECTRON_RUN_AS_NODE = 1
# environment
INVOCATION_ID = 7273ac730fd640a4a0fb326a21190ad7
 
# environment
GDK_PIXBUF_MODULEDIR = /snap/code/136/usr/lib/x86_64-linux-gnu/gdk-pixbuf-2.0/2.10.0/loaders
# default
.FEATURES := target-specific order-only second-expansion else-if shortest-stem undefine oneshell archives jobserver output-sync check-symlink load
# environment
ELECTRON_NO_ATTACH_CONSOLE = 1
# environment
XDG_SESSION_DESKTOP = ubuntu
# environment
SSH_AUTH_SOCK = /run/user/1000/keyring/ssh
# environment
GIO_LAUNCHED_DESKTOP_FILE_PID = 30115
# automatic
%F = $(notdir $%)
# environment
DISPLAY = :0
# environment
PWD = /home/wuhengbin/Ryan_newarea/AK37E_SDK_V1.05_new/os/driver_src/Hi3881V100R001C00SPC021B006
# makefile (from 'Makefile', line 23)
TAGETS_BUILD := 
# default
.LOADED := 
# environment
GTK_PATH = /snap/code/136/usr/lib/x86_64-linux-gnu/gtk-3.0
# environment
SSH_AGENT_PID = 1850
# environment
ORIGINAL_XDG_CURRENT_DESKTOP = ubuntu:GNOME
# environment
GTK_MODULES = gail:atk-bridge
# environment
VSCODE_AMD_ENTRYPOINT = vs/workbench/api/node/extensionHostProcess
# environment
HOME = /home/wuhengbin
# environment
LESSCLOSE = /usr/bin/lesspipe %s %s
# environment
VSCODE_CLI = 1
# environment
VSCODE_CODE_CACHE_PATH = /home/wuhengbin/.config/Code/CachedData/6445d93c81ebe42c4cbd7a60712e0b17d9463e97
# environment
LOGNAME = wuhengbin
# environment
APPLICATION_INSIGHTS_NO_DIAGNOSTIC_CHANNEL = 1
# environment
SNAP_LIBRARY_PATH = /var/lib/snapd/lib/gl:/var/lib/snapd/lib/gl32:/var/lib/snapd/void
# environment
SNAP_CONTEXT = 8KkSIBAgYt9kv0s1vsTLMQSP2AeNfE3oVeB3z_K5lFtx8iwN-eXG
# automatic
+F = $(notdir $+)
# environment
SNAP_LAUNCHER_ARCH_TRIPLET = x86_64-linux-gnu
# environment
SNAP_USER_COMMON = /home/wuhengbin/snap/code/common
# makefile (from 'Makefile', line 8)
HISILICON_PLATFORM = 
# environment
VSCODE_HANDLES_UNCAUGHT_ERRORS = true
# environment
GNOME_DESKTOP_SESSION_ID = this-is-deprecated
# automatic
^D = $(patsubst %/,%,$(dir $^))
# makefile (from 'Makefile', line 7)
KDIR = $(shell pwd)/../../bd/
# environment
LC_TIME = zh_CN.UTF-8
# environment
SNAP_REAL_HOME = /home/wuhengbin
# makefile (from 'Makefile', line 21)
MAKE = make
# default
MAKECMDGOALS := all
# environment
QT_IM_MODULE = ibus
# makefile (from 'Makefile', line 24)
TAGETS_CLEAN := 
# environment
SNAP_USER_DATA = /home/wuhengbin/snap/code/136
# environment
SHLVL = 0
# environment
GNOME_SHELL_SESSION_MODE = ubuntu
# default
MAKE_VERSION := 4.2.1
# environment
USER = wuhengbin
# environment
SNAP_REVISION = 136
# environment
LC_MONETARY = zh_CN.UTF-8
# makefile
.DEFAULT_GOAL := all
# environment
XDG_CURRENT_DESKTOP = Unity
# automatic
%D = $(patsubst %/,%,$(dir $%))
# environment
LC_TELEPHONE = zh_CN.UTF-8
# default
MAKE_COMMAND := make
# default
.VARIABLES := 
# automatic
*F = $(notdir $*)
# environment
LANGUAGE = zh_CN:en_US:en
# environment
VSCODE_IPC_HOOK = /run/user/1000/vscode-0e6c2099-1.81-main.sock
# environment
BAMF_DESKTOP_FILE_HINT = /var/lib/snapd/desktop/applications/code_code.desktop
# environment
ARCH = arm
# makefile
MAKEFLAGS = pqrR
# environment
MFLAGS = -pqrR
# automatic
*D = $(patsubst %/,%,$(dir $*))
# environment
GTK_IM_MODULE_FILE = /home/wuhengbin/snap/code/common/.cache/immodules/immodules.cache
# automatic
+D = $(patsubst %/,%,$(dir $+))
# environment
GDK_BACKEND = x11
# environment
LC_PAPER = zh_CN.UTF-8
# environment
NO_AT_BRIDGE = 1
# environment
MAKELEVEL := 0
# environment
QT_ACCESSIBILITY = 1
# environment
DEFAULTS_PATH = /usr/share/gconf/ubuntu.default.path
# environment
CROSS_COMPILE = arm-buildroot-linux-gnueabihf-
# 'override' directive
.SHELLSTATUS := 0
# default
MAKEFILES := 
# environment
SNAP_COOKIE = 8KkSIBAgYt9kv0s1vsTLMQSP2AeNfE3oVeB3z_K5lFtx8iwN-eXG
# environment
LC_NUMERIC = zh_CN.UTF-8
# automatic
<F = $(notdir $<)
# environment
GTK_EXE_PREFIX = /snap/code/136/usr
# environment
LC_MEASUREMENT = zh_CN.UTF-8
# environment
SNAP_NAME = code
# environment
LC_ALL = C
# makefile (from 'Makefile', line 11)
SYSDIR = $(CURDIR)
# environment
DBUS_STARTER_BUS_TYPE = session
# automatic
^F = $(notdir $^)
# default
SUFFIXES := 
# environment
CHROME_DESKTOP = code-url-handler.desktop
# environment
WINDOWPATH = 2
# environment
LOCPATH = /snap/code/136/usr/lib/locale
# default
.INCLUDE_DIRS = /usr/include /usr/local/include /usr/include
# environment
LC_IDENTIFICATION = zh_CN.UTF-8
# default
.RECIPEPREFIX := 
# environment
LC_ADDRESS = zh_CN.UTF-8
# environment
LANG = C
# environment
VSCODE_PID = 9747
# environment
DBUS_STARTER_ADDRESS = unix:path=/run/user/1000/bus,guid=d2969ea3bb0b677ff615182b64d42a06
# variable set hash-table stats:
# Load=145/1024=14%, Rehash=0, Collisions=25/207=12%

# Pattern-specific Variable Values

# No pattern-specific variable values.

# Directories

# . (device 2053, inode 1040387): 15 files, no impossibilities.

# 15 files, no impossibilities in 1 directories.

# Implicit Rules

# No implicit rules.

# Files

clean_prepare:
#  Phony target (prerequisite of .PHONY).
#  Implicit rule search has not been done.
#  File does not exist.
#  File has not been updated.
#  recipe to execute (from 'Makefile', line 33):
	$(RM) -rf $(SYSDIR)/build/build_tmp
	$(RM) -rf $(SYSDIR)/output

all: linux_driver sample
#  Phony target (prerequisite of .PHONY).
#  Command line target.
#  Implicit rule search has not been done.
#  File does not exist.
#  File has been updated.
#  Needs to be updated (-q is set).
# variable set hash-table stats:
# Load=0/32=0%, Rehash=0, Collisions=0/25=0%

sample_clean:
#  Implicit rule search has not been done.
#  Modification time never checked.
#  File has not been updated.
#  recipe to execute (from 'Makefile', line 47):
	$(MAKE) -C app/demo_linux HISILICON_PLATFORM=$(HISILICON_PLATFORM) clean

.PHONY: all linux_driver tools sample clean_prepare clean linux_driver_clean
#  Implicit rule search has not been done.
#  Modification time never checked.
#  File has not been updated.

# Not a target:
.SUFFIXES:
#  Implicit rule search has not been done.
#  Modification time never checked.
#  File has not been updated.

tools_clean:
#  Implicit rule search has not been done.
#  Modification time never checked.
#  File has not been updated.
#  recipe to execute (from 'Makefile', line 53):
	$(MAKE) -C components/linux HISILICON_PLATFORM=$(HISILICON_PLATFORM) clean

# Not a target:
Makefile:
#  Implicit rule search has been done.
#  Last modified 2023-08-05 10:20:34.495953871
#  File has been updated.
#  Successfully updated.

# 'override' directive
linux_driver: .SHELLSTATUS := 0
linux_driver:
#  Phony target (prerequisite of .PHONY).
#  Implicit rule search has not been done.
#  Implicit/static pattern stem: ''
#  File does not exist.
#  File has been updated.
#  Needs to be updated (-q is set).
# automatic
# @ := linux_driver
# automatic
# % := 
# automatic
# * := 
# automatic
# + := 
# automatic
# | := 
# automatic
# < := 
# automatic
# ^ := 
# automatic
# ? := 
# variable set hash-table stats:
# Load=9/32=28%, Rehash=0, Collisions=19/35=54%
 
#  recipe to execute (from 'Makefile', line 37):
	make -C ${WIFI_DRIVER_DIR} WIFI_DRIVER_DIR=${WIFI_DRIVER_DIR} CROSS_COMPILE=arm-anykav500-linux-uclibcgnueabi- HISILICON_PLATFORM=$(HISILICON_PLATFORM) KDIR=${KDIR} clean; \
	make -C ${WIFI_DRIVER_DIR} WIFI_DRIVER_DIR=${WIFI_DRIVER_DIR} CROSS_COMPILE=arm-anykav500-linux-uclibcgnueabi- HISILICON_PLATFORM=$(HISILICON_PLATFORM) KDIR=${KDIR} -j16

# Not a target:
.DEFAULT:
#  Implicit rule search has not been done.
#  Modification time never checked.
#  File has not been updated.

linux_driver_clean:
#  Phony target (prerequisite of .PHONY).
#  Implicit rule search has not been done.
#  File does not exist.
#  File has not been updated.
#  recipe to execute (from 'Makefile', line 50):
	$(MAKE) -C ${WIFI_DRIVER_DIR} WIFI_DRIVER_DIR=${WIFI_DRIVER_DIR} CROSS_COMPILE=/home/leo/CDV1004QT/AK37D_SDK_V1.06/tools/arm-anykav500-linux-uclibcgnueabi/bin/arm-anykav500-linux-uclibcgnueabi-  HISILICON_PLATFORM=$(HISILICON_PLATFORM) KDIR=${KDIR} clean

clean: clean_prepare linux_driver_clean sample_clean tools_clean
#  Phony target (prerequisite of .PHONY).
#  Implicit rule search has not been done.
#  File does not exist.
#  File has not been updated.

sample:
#  Phony target (prerequisite of .PHONY).
#  Implicit rule search has not been done.
#  File does not exist.
#  File has not been updated.
#  recipe to execute (from 'Makefile', line 41):
	$(MAKE) -C app/demo_linux HISILICON_PLATFORM=$(HISILICON_PLATFORM) all

tools:
#  Phony target (prerequisite of .PHONY).
#  Implicit rule search has not been done.
#  File does not exist.
#  File has not been updated.
#  recipe to execute (from 'Makefile', line 44):
	$(MAKE) -C components/linux HISILICON_PLATFORM=$(HISILICON_PLATFORM) tools

# files hash-table stats:
# Load=13/1024=1%, Rehash=0, Collisions=0/46=0%
# VPATH Search Paths

# No 'vpath' search paths.

# No general ('VPATH' variable) search path.

# strcache buffers: 1 (0) / strings = 29 / storage = 329 B / avg = 11 B
# current buf: size = 8162 B / used = 329 B / count = 29 / avg = 11 B

# strcache performance: lookups = 58 / hit rate = 50%
# hash-table stats:
# Load=29/8192=0%, Rehash=0, Collisions=1/58=2%
# Finished Make data base on Fri Aug 11 14:52:08 2023

 
